Arguments: 
  /home/piron/.nvm/versions/node/v14.17.1/bin/node /home/piron/.nvm/versions/node/v14.17.1/bin/yarn add -D hardhat@^2.7.0 @nomiclabs/hardhat-waffle@^2.0.0 ethereum-waffle@^3.0.0 chai@^4.2.0 @nomic

PATH: 
  /home/piron/.local/share/solana/install/active_release/bin:/home/piron/.local/bin:/home/piron/.cargo/bin:/home/piron/.nvm/versions/node/v14.17.1/bin:/usr/local/sbin:/usr/local/bin:/usr/sbin:/usr/bin:/sbin:/bin:/usr/games:/usr/local/games:/mnt/c/Windows/system32:/mnt/c/Windows:/mnt/c/Windows/System32/Wbem:/mnt/c/Windows/System32/WindowsPowerShell/v1.0/:/mnt/c/Windows/System32/OpenSSH/:/mnt/c/Program Files/Git/cmd:/mnt/c/Program Files (x86)/Bitvise SSH Client:/mnt/c/Program Files/Docker/Docker/resources/bin:/mnt/c/ProgramData/DockerDesktop/version-bin:/mnt/c/Users/piron/AppData/Local/Microsoft/WindowsApps:/mnt/c/Program Files/JetBrains/PhpStorm 2021.1.1/bin:/mnt/c/Program Files/JetBrains/IntelliJ IDEA Community Edition 2021.1.1/bin:/mnt/c/Program Files/JetBrains/GoLand 2021.1.1/bin:/mnt/c/Users/piron/AppData/Local/GitHubDesktop/bin:/mnt/c/Users/piron/AppData/Local/Programs/IPFS Desktop/resources/app.asar.unpacked/src/ipfs-on-path/scripts/bin-win:/mnt/c/Program Files/heroku/bin:/snap/bin

Yarn version: 
  1.22.10

Node version: 
  14.17.1

Platform: 
  linux x64

Trace: 
  Error: https://registry.npmjs.org/@nomic: Request "https://registry.npmjs.org/@nomic" returned a 405
      at Request.params.callback [as _callback] (/home/piron/.nvm/versions/node/v14.17.1/lib/node_modules/yarn/lib/cli.js:66997:18)
      at Request.self.callback (/home/piron/.nvm/versions/node/v14.17.1/lib/node_modules/yarn/lib/cli.js:140662:22)
      at Request.emit (events.js:375:28)
      at Request.<anonymous> (/home/piron/.nvm/versions/node/v14.17.1/lib/node_modules/yarn/lib/cli.js:141634:10)
      at Request.emit (events.js:375:28)
      at IncomingMessage.<anonymous> (/home/piron/.nvm/versions/node/v14.17.1/lib/node_modules/yarn/lib/cli.js:141556:12)
      at Object.onceWrapper (events.js:481:28)
      at IncomingMessage.emit (events.js:387:35)
      at endReadableNT (internal/streams/readable.js:1317:12)
      at processTicksAndRejections (internal/process/task_queues.js:82:21)

npm manifest: 
  {
    "name": "hardhat-project"
  }

yarn manifest: 
  No manifest

Lockfile: 
  No lockfile
